Flow report for usb_capture
Mon Oct 09 23:11:49 2023
Quartus Prime Version 18.0.0 Build 614 04/24/2018 SJ Standard Edition


---------------------
; Table of Contents ;
---------------------
  1. Legal Notice
  2. Flow Summary
  3. Flow Settings
  4. Flow Non-Default Global Settings
  5. Flow Elapsed Time
  6. Flow OS Summary
  7. Flow Log
  8. Flow Messages
  9. Flow Suppressed Messages



----------------
; Legal Notice ;
----------------
Copyright (C) 2018  Intel Corporation. All rights reserved.
Your use of Intel Corporation's design tools, logic functions 
and other software and tools, and its AMPP partner logic 
functions, and any output files from any of the foregoing 
(including device programming or simulation files), and any 
associated documentation or information are expressly subject 
to the terms and conditions of the Intel Program License 
Subscription Agreement, the Intel Quartus Prime License Agreement,
the Intel FPGA IP License Agreement, or other applicable license
agreement, including, without limitation, that your use is for
the sole purpose of programming logic devices manufactured by
Intel and sold by Intel or its authorized distributors.  Please
refer to the applicable agreement for further details.



+--------------------------------------------------------------------------------------+
; Flow Summary                                                                         ;
+------------------------------------+-------------------------------------------------+
; Flow Status                        ; Successful - Mon Oct 09 23:11:49 2023           ;
; Quartus Prime Version              ; 18.0.0 Build 614 04/24/2018 SJ Standard Edition ;
; Revision Name                      ; usb_capture                                     ;
; Top-level Entity Name              ; usb_capture                                     ;
; Family                             ; Cyclone IV E                                    ;
; Device                             ; EP4CE75F29C8                                    ;
; Timing Models                      ; Final                                           ;
; Total logic elements               ; 290 / 75,408 ( < 1 % )                          ;
;     Total combinational functions  ; 277 / 75,408 ( < 1 % )                          ;
;     Dedicated logic registers      ; 151 / 75,408 ( < 1 % )                          ;
; Total registers                    ; 151                                             ;
; Total pins                         ; 27 / 427 ( 6 % )                                ;
; Total virtual pins                 ; 0                                               ;
; Total memory bits                  ; 0 / 2,810,880 ( 0 % )                           ;
; Embedded Multiplier 9-bit elements ; 0 / 400 ( 0 % )                                 ;
; Total PLLs                         ; 0 / 4 ( 0 % )                                   ;
+------------------------------------+-------------------------------------------------+


+-----------------------------------------+
; Flow Settings                           ;
+-------------------+---------------------+
; Option            ; Setting             ;
+-------------------+---------------------+
; Start date & time ; 10/09/2023 18:38:56 ;
; Main task         ; Compilation         ;
; Revision Name     ; usb_capture         ;
+-------------------+---------------------+


+-------------------------------------------------------------------------------------------------------------------------------------+
; Flow Non-Default Global Settings                                                                                                    ;
+--------------------------------------------+----------------------------------------+----------------+-------------+----------------+
; Assignment Name                            ; Value                                  ; Default Value  ; Entity Name ; Section Id     ;
+--------------------------------------------+----------------------------------------+----------------+-------------+----------------+
; ADV_NETLIST_OPT_SYNTH_WYSIWYG_REMAP        ; On                                     ; Off            ; --          ; --             ;
; AUTO_OPEN_DRAIN_PINS                       ; Off                                    ; On             ; --          ; --             ;
; AUTO_RAM_RECOGNITION                       ; Off                                    ; On             ; --          ; --             ;
; AUTO_ROM_RECOGNITION                       ; Off                                    ; On             ; --          ; --             ;
; COMPILER_SIGNATURE_ID                      ; 185410951589953.169684793634880        ; --             ; --          ; --             ;
; ECO_OPTIMIZE_TIMING                        ; On                                     ; Off            ; --          ; --             ;
; EDA_MAINTAIN_DESIGN_HIERARCHY              ; PARTITION_ONLY                         ; --             ; --          ; eda_simulation ;
; EDA_OUTPUT_DATA_FORMAT                     ; Verilog Hdl                            ; --             ; --          ; eda_simulation ;
; EDA_SIMULATION_TOOL                        ; ModelSim (Verilog)                     ; <None>         ; --          ; --             ;
; EDA_TIME_SCALE                             ; 1 ps                                   ; --             ; --          ; eda_simulation ;
; FINAL_PLACEMENT_OPTIMIZATION               ; Always                                 ; Automatically  ; --          ; --             ;
; FITTER_AGGRESSIVE_ROUTABILITY_OPTIMIZATION ; Always                                 ; Automatically  ; --          ; --             ;
; FITTER_EFFORT                              ; Standard Fit                           ; Auto Fit       ; --          ; --             ;
; FLOW_DISABLE_ASSEMBLER                     ; On                                     ; Off            ; --          ; --             ;
; FLOW_ENABLE_IO_ASSIGNMENT_ANALYSIS         ; On                                     ; Off            ; --          ; --             ;
; MAX_BALANCING_DSP_BLOCKS                   ; 0                                      ; -1 (Unlimited) ; --          ; --             ;
; MAX_CORE_JUNCTION_TEMP                     ; 85                                     ; --             ; --          ; --             ;
; MAX_GLOBAL_CLOCKS_ALLOWED                  ; 8                                      ; -1 (Unlimited) ; --          ; --             ;
; MAX_RAM_BLOCKS_M4K                         ; 0                                      ; -1 (Unlimited) ; --          ; --             ;
; MIN_CORE_JUNCTION_TEMP                     ; 0                                      ; --             ; --          ; --             ;
; NUM_PARALLEL_PROCESSORS                    ; All                                    ; --             ; --          ; --             ;
; OPTIMIZE_HOLD_TIMING                       ; IO Paths and Minimum TPD Paths         ; All Paths      ; --          ; --             ;
; PARTITION_COLOR                            ; -- (Not supported for targeted family) ; --             ; --          ; Top            ;
; PARTITION_FITTER_PRESERVATION_LEVEL        ; -- (Not supported for targeted family) ; --             ; --          ; Top            ;
; PARTITION_NETLIST_TYPE                     ; -- (Not supported for targeted family) ; --             ; --          ; Top            ;
; PHYSICAL_SYNTHESIS_COMBO_LOGIC             ; On                                     ; Off            ; --          ; --             ;
; PHYSICAL_SYNTHESIS_COMBO_LOGIC_FOR_AREA    ; On                                     ; Off            ; --          ; --             ;
; PHYSICAL_SYNTHESIS_EFFORT                  ; Extra                                  ; Normal         ; --          ; --             ;
; PLACEMENT_EFFORT_MULTIPLIER                ; 10                                     ; 1.0            ; --          ; --             ;
; POWER_BOARD_THERMAL_MODEL                  ; None (CONSERVATIVE)                    ; --             ; --          ; --             ;
; POWER_PRESET_COOLING_SOLUTION              ; 23 MM HEAT SINK WITH 200 LFPM AIRFLOW  ; --             ; --          ; --             ;
; PROJECT_OUTPUT_DIRECTORY                   ; ./quartus_logs                         ; --             ; --          ; --             ;
; ROUTER_EFFORT_MULTIPLIER                   ; 10                                     ; 1.0            ; --          ; --             ;
; ROUTER_TIMING_OPTIMIZATION_LEVEL           ; MAXIMUM                                ; Normal         ; --          ; --             ;
; ROUTING_BACK_ANNOTATION_MODE               ; Off                                    ; --             ; --          ; --             ;
+--------------------------------------------+----------------------------------------+----------------+-------------+----------------+


+-----------------------------------------------------------------------------------------------------------------------------+
; Flow Elapsed Time                                                                                                           ;
+-------------------------+--------------+-------------------------+---------------------+------------------------------------+
; Module Name             ; Elapsed Time ; Average Processors Used ; Peak Virtual Memory ; Total CPU Time (on all processors) ;
+-------------------------+--------------+-------------------------+---------------------+------------------------------------+
; Analysis & Synthesis    ; 00:00:06     ; 1.0                     ; 4956 MB             ; 00:00:03                           ;
; I/O Assignment Analysis ; 00:00:01     ; 1.0                     ; 5008 MB             ; 00:00:01                           ;
; Fitter                  ; 00:00:13     ; 1.0                     ; 6652 MB             ; 00:00:07                           ;
; Timing Analyzer         ; 00:00:01     ; 1.1                     ; 4962 MB             ; 00:00:01                           ;
; EDA Netlist Writer      ; 00:00:00     ; 1.0                     ; 4641 MB             ; 00:00:00                           ;
; Analysis & Synthesis    ; 00:00:06     ; 1.0                     ; 4957 MB             ; 00:00:03                           ;
; Partition Merge         ; 00:00:01     ; 1.0                     ; 4698 MB             ; 00:00:00                           ;
; I/O Assignment Analysis ; 00:00:01     ; 1.0                     ; 5008 MB             ; 00:00:01                           ;
; Fitter                  ; 00:00:12     ; 1.0                     ; 6651 MB             ; 00:00:06                           ;
; Timing Analyzer         ; 00:00:01     ; 1.1                     ; 4963 MB             ; 00:00:01                           ;
; EDA Netlist Writer      ; 00:00:00     ; 1.0                     ; 4641 MB             ; 00:00:00                           ;
; Analysis & Synthesis    ; 00:00:06     ; 1.0                     ; 4956 MB             ; 00:00:03                           ;
; Partition Merge         ; 00:00:00     ; 1.0                     ; 4698 MB             ; 00:00:00                           ;
; I/O Assignment Analysis ; 00:00:01     ; 1.0                     ; 5008 MB             ; 00:00:01                           ;
; Fitter                  ; 00:00:13     ; 1.0                     ; 6653 MB             ; 00:00:06                           ;
; Timing Analyzer         ; 00:00:01     ; 1.1                     ; 4960 MB             ; 00:00:01                           ;
; EDA Netlist Writer      ; 00:00:00     ; 1.0                     ; 4641 MB             ; 00:00:00                           ;
; Analysis & Synthesis    ; 00:00:09     ; 1.0                     ; 4957 MB             ; 00:00:03                           ;
; Partition Merge         ; 00:00:01     ; 1.0                     ; 4698 MB             ; 00:00:00                           ;
; I/O Assignment Analysis ; 00:00:02     ; 1.0                     ; 5008 MB             ; 00:00:01                           ;
; Fitter                  ; 00:00:12     ; 1.0                     ; 6656 MB             ; 00:00:06                           ;
; Timing Analyzer         ; 00:00:01     ; 1.1                     ; 4961 MB             ; 00:00:01                           ;
; EDA Netlist Writer      ; 00:00:01     ; 1.0                     ; 4641 MB             ; 00:00:00                           ;
; Analysis & Synthesis    ; 00:00:06     ; 1.0                     ; 4956 MB             ; 00:00:03                           ;
; Partition Merge         ; 00:00:00     ; 1.0                     ; 4698 MB             ; 00:00:00                           ;
; I/O Assignment Analysis ; 00:00:01     ; 1.0                     ; 5008 MB             ; 00:00:01                           ;
; Fitter                  ; 00:00:16     ; 1.1                     ; 6653 MB             ; 00:00:05                           ;
; Timing Analyzer         ; 00:00:01     ; 1.1                     ; 4962 MB             ; 00:00:01                           ;
; EDA Netlist Writer      ; 00:00:00     ; 1.0                     ; 4640 MB             ; 00:00:00                           ;
; Analysis & Synthesis    ; 00:00:05     ; 1.0                     ; 4957 MB             ; 00:00:03                           ;
; Partition Merge         ; 00:00:00     ; 1.0                     ; 4697 MB             ; 00:00:00                           ;
; I/O Assignment Analysis ; 00:00:01     ; 1.0                     ; 5005 MB             ; 00:00:01                           ;
; Fitter                  ; 00:00:12     ; 1.0                     ; 6652 MB             ; 00:00:06                           ;
; Timing Analyzer         ; 00:00:01     ; 1.1                     ; 4965 MB             ; 00:00:01                           ;
; EDA Netlist Writer      ; 00:00:00     ; 1.0                     ; 4642 MB             ; 00:00:00                           ;
; Total                   ; 00:02:12     ; --                      ; --                  ; 00:01:06                           ;
+-------------------------+--------------+-------------------------+---------------------+------------------------------------+


+---------------------------------------------------------------------------------------+
; Flow OS Summary                                                                       ;
+-------------------------+------------------+------------+------------+----------------+
; Module Name             ; Machine Hostname ; OS Name    ; OS Version ; Processor type ;
+-------------------------+------------------+------------+------------+----------------+
; Analysis & Synthesis    ; DESKTOP-2E6QIQB  ; Windows 10 ; 10.0       ; x86_64         ;
; I/O Assignment Analysis ; DESKTOP-2E6QIQB  ; Windows 10 ; 10.0       ; x86_64         ;
; Fitter                  ; DESKTOP-2E6QIQB  ; Windows 10 ; 10.0       ; x86_64         ;
; Timing Analyzer         ; DESKTOP-2E6QIQB  ; Windows 10 ; 10.0       ; x86_64         ;
; EDA Netlist Writer      ; DESKTOP-2E6QIQB  ; Windows 10 ; 10.0       ; x86_64         ;
; Analysis & Synthesis    ; DESKTOP-2E6QIQB  ; Windows 10 ; 10.0       ; x86_64         ;
; Partition Merge         ; DESKTOP-2E6QIQB  ; Windows 10 ; 10.0       ; x86_64         ;
; I/O Assignment Analysis ; DESKTOP-2E6QIQB  ; Windows 10 ; 10.0       ; x86_64         ;
; Fitter                  ; DESKTOP-2E6QIQB  ; Windows 10 ; 10.0       ; x86_64         ;
; Timing Analyzer         ; DESKTOP-2E6QIQB  ; Windows 10 ; 10.0       ; x86_64         ;
; EDA Netlist Writer      ; DESKTOP-2E6QIQB  ; Windows 10 ; 10.0       ; x86_64         ;
; Analysis & Synthesis    ; DESKTOP-2E6QIQB  ; Windows 10 ; 10.0       ; x86_64         ;
; Partition Merge         ; DESKTOP-2E6QIQB  ; Windows 10 ; 10.0       ; x86_64         ;
; I/O Assignment Analysis ; DESKTOP-2E6QIQB  ; Windows 10 ; 10.0       ; x86_64         ;
; Fitter                  ; DESKTOP-2E6QIQB  ; Windows 10 ; 10.0       ; x86_64         ;
; Timing Analyzer         ; DESKTOP-2E6QIQB  ; Windows 10 ; 10.0       ; x86_64         ;
; EDA Netlist Writer      ; DESKTOP-2E6QIQB  ; Windows 10 ; 10.0       ; x86_64         ;
; Analysis & Synthesis    ; DESKTOP-2E6QIQB  ; Windows 10 ; 10.0       ; x86_64         ;
; Partition Merge         ; DESKTOP-2E6QIQB  ; Windows 10 ; 10.0       ; x86_64         ;
; I/O Assignment Analysis ; DESKTOP-2E6QIQB  ; Windows 10 ; 10.0       ; x86_64         ;
; Fitter                  ; DESKTOP-2E6QIQB  ; Windows 10 ; 10.0       ; x86_64         ;
; Timing Analyzer         ; DESKTOP-2E6QIQB  ; Windows 10 ; 10.0       ; x86_64         ;
; EDA Netlist Writer      ; DESKTOP-2E6QIQB  ; Windows 10 ; 10.0       ; x86_64         ;
; Analysis & Synthesis    ; DESKTOP-2E6QIQB  ; Windows 10 ; 10.0       ; x86_64         ;
; Partition Merge         ; DESKTOP-2E6QIQB  ; Windows 10 ; 10.0       ; x86_64         ;
; I/O Assignment Analysis ; DESKTOP-2E6QIQB  ; Windows 10 ; 10.0       ; x86_64         ;
; Fitter                  ; DESKTOP-2E6QIQB  ; Windows 10 ; 10.0       ; x86_64         ;
; Timing Analyzer         ; DESKTOP-2E6QIQB  ; Windows 10 ; 10.0       ; x86_64         ;
; EDA Netlist Writer      ; DESKTOP-2E6QIQB  ; Windows 10 ; 10.0       ; x86_64         ;
; Analysis & Synthesis    ; DESKTOP-2E6QIQB  ; Windows 10 ; 10.0       ; x86_64         ;
; Partition Merge         ; DESKTOP-2E6QIQB  ; Windows 10 ; 10.0       ; x86_64         ;
; I/O Assignment Analysis ; DESKTOP-2E6QIQB  ; Windows 10 ; 10.0       ; x86_64         ;
; Fitter                  ; DESKTOP-2E6QIQB  ; Windows 10 ; 10.0       ; x86_64         ;
; Timing Analyzer         ; DESKTOP-2E6QIQB  ; Windows 10 ; 10.0       ; x86_64         ;
; EDA Netlist Writer      ; DESKTOP-2E6QIQB  ; Windows 10 ; 10.0       ; x86_64         ;
+-------------------------+------------------+------------+------------+----------------+


------------
; Flow Log ;
------------
quartus_map --read_settings_files=on --write_settings_files=off usb_capture -c usb_capture
quartus_fit --read_settings_files=off --write_settings_files=off usb_capture -c usb_capture --plan
quartus_fit --read_settings_files=off --write_settings_files=off usb_capture -c usb_capture
quartus_sta usb_capture -c usb_capture
quartus_eda --read_settings_files=off --write_settings_files=off usb_capture -c usb_capture
quartus_map --read_settings_files=on --write_settings_files=off usb_capture -c usb_capture
quartus_cdb --read_settings_files=off --write_settings_files=off usb_capture -c usb_capture --merge=on
quartus_fit --read_settings_files=off --write_settings_files=off usb_capture -c usb_capture --plan
quartus_fit --read_settings_files=off --write_settings_files=off usb_capture -c usb_capture
quartus_sta usb_capture -c usb_capture
quartus_eda --read_settings_files=off --write_settings_files=off usb_capture -c usb_capture
quartus_map --read_settings_files=on --write_settings_files=off usb_capture -c usb_capture
quartus_cdb --read_settings_files=off --write_settings_files=off usb_capture -c usb_capture --merge=on
quartus_fit --read_settings_files=off --write_settings_files=off usb_capture -c usb_capture --plan
quartus_fit --read_settings_files=off --write_settings_files=off usb_capture -c usb_capture
quartus_sta usb_capture -c usb_capture
quartus_eda --read_settings_files=off --write_settings_files=off usb_capture -c usb_capture
quartus_map --read_settings_files=on --write_settings_files=off usb_capture -c usb_capture
quartus_cdb --read_settings_files=off --write_settings_files=off usb_capture -c usb_capture --merge=on
quartus_fit --read_settings_files=off --write_settings_files=off usb_capture -c usb_capture --plan
quartus_fit --read_settings_files=off --write_settings_files=off usb_capture -c usb_capture
quartus_sta usb_capture -c usb_capture
quartus_eda --read_settings_files=off --write_settings_files=off usb_capture -c usb_capture
quartus_map --read_settings_files=on --write_settings_files=off usb_capture -c usb_capture
quartus_cdb --read_settings_files=off --write_settings_files=off usb_capture -c usb_capture --merge=on
quartus_fit --read_settings_files=off --write_settings_files=off usb_capture -c usb_capture --plan
quartus_fit --read_settings_files=off --write_settings_files=off usb_capture -c usb_capture
quartus_sta usb_capture -c usb_capture
quartus_eda --read_settings_files=off --write_settings_files=off usb_capture -c usb_capture
quartus_map --read_settings_files=on --write_settings_files=off usb_capture -c usb_capture
quartus_cdb --read_settings_files=off --write_settings_files=off usb_capture -c usb_capture --merge=on
quartus_fit --read_settings_files=off --write_settings_files=off usb_capture -c usb_capture --plan
quartus_fit --read_settings_files=off --write_settings_files=off usb_capture -c usb_capture
quartus_sta usb_capture -c usb_capture
quartus_eda --read_settings_files=off --write_settings_files=off usb_capture -c usb_capture



